<?xml version="1.0" encoding="UTF-8"?>
<testng-results skipped="0" failed="0" ignored="0" total="1" passed="1">
  <reporter-output>
  </reporter-output>
  <suite name="Default suite" duration-ms="67172" started-at="2021-01-14T14:01:46 IST" finished-at="2021-01-14T14:02:53 IST">
    <groups>
    </groups>
    <test name="Default test" duration-ms="67172" started-at="2021-01-14T14:01:46 IST" finished-at="2021-01-14T14:02:53 IST">
      <class name="pack.ZerodhaLoginTest">
        <test-method status="PASS" signature="browserLaunching()[pri:0, instance:pack.ZerodhaLoginTest@76f2b07d]" name="browserLaunching" is-config="true" duration-ms="35597" started-at="2021-01-14T14:01:46 IST" finished-at="2021-01-14T14:02:22 IST">
          <reporter-output>
          </reporter-output>
        </test-method> <!-- browserLaunching -->
        <test-method status="PASS" signature="userDetails()[pri:0, instance:pack.ZerodhaLoginTest@76f2b07d]" name="userDetails" is-config="true" duration-ms="6852" started-at="2021-01-14T14:02:22 IST" finished-at="2021-01-14T14:02:29 IST">
          <reporter-output>
          </reporter-output>
        </test-method> <!-- userDetails -->
        <test-method status="PASS" signature="buyShare()[pri:0, instance:pack.ZerodhaLoginTest@76f2b07d]" name="buyShare" duration-ms="25" started-at="2021-01-14T14:02:29 IST" finished-at="2021-01-14T14:02:29 IST">
          <reporter-output>
          </reporter-output>
        </test-method> <!-- buyShare -->
        <test-method status="PASS" signature="logout()[pri:0, instance:pack.ZerodhaLoginTest@76f2b07d]" name="logout" is-config="true" duration-ms="21033" started-at="2021-01-14T14:02:29 IST" finished-at="2021-01-14T14:02:50 IST">
          <reporter-output>
          </reporter-output>
        </test-method> <!-- logout -->
        <test-method status="PASS" signature="closeBrowser()[pri:0, instance:pack.ZerodhaLoginTest@76f2b07d]" name="closeBrowser" is-config="true" duration-ms="3405" started-at="2021-01-14T14:02:50 IST" finished-at="2021-01-14T14:02:53 IST">
          <reporter-output>
          </reporter-output>
        </test-method> <!-- closeBrowser -->
      </class> <!-- pack.ZerodhaLoginTest -->
    </test> <!-- Default test -->
  </suite> <!-- Default suite -->
</testng-results>
